<?xml version="1.0"?>
<testsuite name="Chrome Headless 128.0.0.0 (Windows 10)" package="" timestamp="2024-09-05T01:02:12" id="0" hostname="AVAPC-928129290" tests="8" errors="0" failures="0" time="0.047">
  <properties>
    <property name="browser.fullName" value="Mozilla/5.0 (Windows NT 10.0; Win64; x64) AppleWebKit/537.36 (KHTML, like Gecko) HeadlessChrome/128.0.0.0 Safari/537.36"/>
  </properties>
  <testcase name="LikeWidgetComponent Should auto-generate ID during ngOnInit when (@Input id) is not assigned" time="0.028" classname="Chrome_Headless_128_0_0_0_(Windows_10).LikeWidgetComponent"/>
  <testcase name="LikeWidgetComponent Should create component" time="0.008" classname="Chrome_Headless_128_0_0_0_(Windows_10).LikeWidgetComponent"/>
  <testcase name="LikeWidgetComponent #like should trigger (@Output liked) when called" time="0.005" classname="Chrome_Headless_128_0_0_0_(Windows_10).LikeWidgetComponent"/>
  <testcase name="LikeWidgetComponent Should NOT auto-generate ID during ngOnInit when (@Input id) property is assigned" time="0.006" classname="Chrome_Headless_128_0_0_0_(Windows_10).LikeWidgetComponent"/>
  <testcase name="UniqueIdService #generateUniqueIdWithPrefix &#xA;        should throw when called with empty" time="0" classname="Chrome_Headless_128_0_0_0_(Windows_10).UniqueIdService"/>
  <testcase name="UniqueIdService #getNumberOfGeneratedUniqueIds &#xA;        should return the number of generated ids when called" time="0" classname="Chrome_Headless_128_0_0_0_(Windows_10).UniqueIdService"/>
  <testcase name="UniqueIdService #generateUniqueIdWithPrefix &#xA;        should generate id when called with prefix" time="0" classname="Chrome_Headless_128_0_0_0_(Windows_10).UniqueIdService"/>
  <testcase name="UniqueIdService #generateUniqueIdWithPrefix &#xA;        should not generate duplicate ids when called multiple times" time="0" classname="Chrome_Headless_128_0_0_0_(Windows_10).UniqueIdService"/>
  <system-out>
    <![CDATA[
]]>
  </system-out>
  <system-err/>
</testsuite>